<?xml version="1.0" encoding="UTF-8"?>
<testng-results ignored="0" total="1" passed="1" failed="0" skipped="0">
  <reporter-output>
  </reporter-output>
  <suite started-at="2024-11-12T13:10:57 IST" name="Suite" finished-at="2024-11-12T13:10:57 IST" duration-ms="105">
    <groups>
    </groups>
    <test started-at="2024-11-12T13:10:57 IST" name="Test" finished-at="2024-11-12T13:10:57 IST" duration-ms="105">
      <class name="package1.SampleClass12Test">
        <test-method signature="method3()[pri:0, instance:package1.SampleClass12Test@78b66d36]" started-at="2024-11-12T13:10:57 IST" name="method3" finished-at="2024-11-12T13:10:57 IST" duration-ms="16" status="PASS">
          <reporter-output>
          </reporter-output>
        </test-method> <!-- method3 -->
      </class> <!-- package1.SampleClass12Test -->
    </test> <!-- Test -->
  </suite> <!-- Suite -->
</testng-results>
