<?xml version="1.0" encoding="UTF-8"?>
<testng-results ignored="0" total="2" passed="2" failed="0" skipped="0">
  <reporter-output>
  </reporter-output>
  <suite started-at="2024-11-08T13:08:29 IST" name="Surefire suite" finished-at="2024-11-08T13:08:29 IST" duration-ms="138">
    <groups>
    </groups>
    <test started-at="2024-11-08T13:08:29 IST" name="Surefire test" finished-at="2024-11-08T13:08:29 IST" duration-ms="138">
      <class name="package2.SampleClass2Test">
        <test-method signature="method2Test()[pri:0, instance:package2.SampleClass2Test@79ad8b2f]" started-at="2024-11-08T13:08:29 IST" name="method2Test" finished-at="2024-11-08T13:08:29 IST" duration-ms="7" status="PASS">
          <reporter-output>
          </reporter-output>
        </test-method> <!-- method2Test -->
      </class> <!-- package2.SampleClass2Test -->
      <class name="package1.SampleClass1Test">
        <test-method signature="method1Test()[pri:0, instance:package1.SampleClass1Test@4b44655e]" started-at="2024-11-08T13:08:29 IST" name="method1Test" finished-at="2024-11-08T13:08:29 IST" duration-ms="16" status="PASS">
          <reporter-output>
          </reporter-output>
        </test-method> <!-- method1Test -->
      </class> <!-- package1.SampleClass1Test -->
    </test> <!-- Surefire test -->
  </suite> <!-- Surefire suite -->
</testng-results>
